Mono path[0] = 'D:/SteamLibrary/steamapps/common/Core Keeper/CoreKeeper_Data/Managed'
Mono config path = 'D:/SteamLibrary/steamapps/common/Core Keeper/MonoBleedingEdge/etc'
JobSystem: Creating JobQueue using job-worker-count value 4
[PhysX] Initialized MultithreadedTaskDispatcher with 5 workers.
Loading player data from D:/SteamLibrary/steamapps/common/Core Keeper/CoreKeeper_Data/data.unity3d
Initialize engine version: 2022.3.50f1 (c3db7f8bf9b1)
[Subsystems] Discovering subsystems at path D:/SteamLibrary/steamapps/common/Core Keeper/CoreKeeper_Data/UnitySubsystems
GfxDevice: creating device client; threaded=1; jobified=1
Direct3D:
    Version:  Direct3D 11.0 [level 11.1]
    Renderer: NVIDIA GeForce RTX 3060 Ti (ID=0x2489)
    Vendor:   NVIDIA
    VRAM:     8024 MB
    Driver:   32.0.15.6094
Begin MonoManager ReloadAssembly
- Loaded All Assemblies, in 16.488 seconds
- Finished resetting the current domain, in  0.001 seconds
PlatformConfiguration: loading platform configuration for variant Windows.
PlatformConfiguration: platform configuration for variant Windows was not found.
PlatformConfiguration: loading platform configuration for variant PC.
Fallback handler could not load library D:/SteamLibrary/steamapps/common/Core Keeper/CoreKeeper_Data/MonoBleedingEdge/data-000001CEE81180D0.dll
Initializing Steamworks with AppID 1621690
Steam API initialized branch=
no mod.io mods loaded User not authenticated. (code: 20100)
<RI> Initializing input.
<RI> Input initialized.
<RI> Initialized touch support.
SpriteInstancingAtlas: Packing completed in 10 iterations (1.773 seconds) fits=True.
[PhysX] Initialized MultithreadedTaskDispatcher with 5 workers.
UnloadTime: 19.486800 ms
Checking system requirements: PASS
Skipping automatic Manager prelaunch because this should be done manually in the Loading scene.
Ignoring invalid [Unity.Entities.UpdateAfterAttribute] attribute on Unity.Entities.CompanionGameObjectUpdateTransformSystem targeting Unity.Transforms.TransformSystemGroup.
This attribute can only order systems that are members of the same ComponentSystemGroup instance.
Make sure that both systems are in the same system group with [UpdateInGroup(typeof(Unity.Entities.SimulationSystemGroup))],
or by manually adding both systems to the same group's update list.
Initialize global manager
Global manager Resources.Load
Start initializing all managers
Core count is 12
Job worker count is 4
Registering steam game 1621690 with discord
discord SDK initialized
CloudSyncDown
PlatformConfiguration: applying settings for platform variant Windows.
PlatformConfiguration: applying PrefsManager visual quality settings.
PlatformConfiguration: applying PrefsManager audio settings.
PlatformConfiguration: applying PrefsManager session settings.
Version: 1.1.0.2-ab78
Time (UTC): 2025-03-25T14:24:51Z
Added memory pools for 600 prefabs from PooledGraphicalObjectBank
Added memory pools for 69 prefabs from PooledParticleSystemBank
using color lookup at D:/SteamLibrary/steamapps/common/Core Keeper/CoreKeeper_Data/StreamingAssets/Textures/ColorGrading.png
Skipping faction mod D:/SteamLibrary/steamapps/common/Core Keeper/CoreKeeper_Data/StreamingAssets/Conf/Factions\None.json with faction None (0)
Skipping loot mod D:/SteamLibrary/steamapps/common/Core Keeper/CoreKeeper_Data/StreamingAssets/Conf/Loot\Empty.json for loot table Empty (0)
PugTextEffectMenuOption.ResetEffect: text component on Label is null, can't reset.
PugTextEffectMenuOption.ResetEffect: text component on VibrationIntensity Text is null, can't reset.
Initialized 6 options for world content menu.
PugTextEffectMenuOption.ResetEffect: text component on GamepadSpeaker Text is null, can't reset.
ECSManager: Found 329 converter type(s)
Converting 2516 root objects for Default World with 329 converters, 6 post-converters in staging world, and 4 post-converters in final world.
BlunderBombExplosionEntity (UnityEngine.GameObject) has RotationAuthoring.rotatePhysics set to true, but no collider is present.
PugDatabase initialized 2515 prefabs
No iCUE server detected
WaterSim.LazyInitialize: created the surface texture.
WaterSim.LazyInitialize: created the state texture.
WaterSim.LazyInitialize: created the previous state texture.
Steam stats received
Steam stats received
The referenced script on this Behaviour (Game Object '<null>') is missing!
got language code ja
Setting language to Japanese from English
Unloading 5 Unused Serialized files (Serialized files now loaded: 2)
UnloadTime: 9.055200 ms
MusicManager: start loading addressable asset [cc83026275aa73a4381a3c8c1b855b86].
New season: CherryBlossom
Unloading 11577 unused Assets to reduce memory usage. Loaded Objects now: 595921.
Total: 231.168400 ms (FindLiveObjects: 70.830000 ms CreateObjectMapping: 31.524800 ms MarkObjects: 109.581100 ms  DeleteObjects: 19.231600 ms)

Unloading 1 Unused Serialized files (Serialized files now loaded: 3)
Unloading 0 unused Assets to reduce memory usage. Loaded Objects now: 595922.
Total: 176.681300 ms (FindLiveObjects: 52.278300 ms CreateObjectMapping: 11.773700 ms MarkObjects: 112.062100 ms  DeleteObjects: 0.566400 ms)

MusicManager: loading addressable asset [[cc83026275aa73a4381a3c8c1b855b86]|Main_Menu] complete.
checking if bilibili was connected at start
Encountered exception when reading Player.log
0x00007ff85cf0fadd (UnityPlayer) UnityMain
0x00007ff85cf0f858 (UnityPlayer) UnityMain
0x00007ff85cef6259 (UnityPlayer) UnityMain
0x00007ff85d595c91 (UnityPlayer) UnityMain
0x00007ff85c57af05 (UnityPlayer) 
0x000001cee7e572e3 (Mono JIT Code) (wrapper managed-to-native) UnityEngine.DebugLogHandler:Internal_Log (UnityEngine.LogType,UnityEngine.LogOption,string,UnityEngine.Object)
0x000001cee7e571fb (Mono JIT Code) UnityEngine.DebugLogHandler:LogFormat (UnityEngine.LogType,UnityEngine.Object,string,object[])
0x000001cee7e55df0 (Mono JIT Code) Sentry.Unity.Integrations.UnityLogHandlerIntegration:LogFormat (UnityEngine.LogType,UnityEngine.Object,string,object[])
0x000001cee7e55ae0 (Mono JIT Code) UnityEngine.Logger:Log (UnityEngine.LogType,object)
0x000001d027e706d5 (Mono JIT Code) UnityEngine.Debug:LogError (object)
0x000001d026e62203 (Mono JIT Code) ZipSaveFolder:Update ()
0x000001d006e53c78 (Mono JIT Code) (wrapper runtime-invoke) object:runtime_invoke_void__this__ (object,intptr,intptr,intptr)
0x00007ff85f774c2e (mono-2.0-bdwgc) mono_jit_set_domain
0x00007ff85f6ad254 (mono-2.0-bdwgc) mono_object_get_virtual_method
0x00007ff85f6ad3cc (mono-2.0-bdwgc) mono_runtime_invoke
0x00007ff85cc7dd66 (UnityPlayer) 
0x00007ff85cc7de91 (UnityPlayer) 
0x00007ff85c94f8c0 (UnityPlayer) 
0x00007ff85cabc8c8 (UnityPlayer) 
0x00007ff85cabcab4 (UnityPlayer) 
0x00007ff85cabcfd2 (UnityPlayer) 
0x00007ff85cd0f17b (UnityPlayer) 
0x00007ff85cd11b4b (UnityPlayer) 
0x00007ff85cd14eab (UnityPlayer) 
0x00007ff85cd1514b (UnityPlayer) UnityMain
0x00007ff72e7e11f2 (CoreKeeper) 
0x00007ff8e298259d (KERNEL32) BaseThreadInitThunk
0x00007ff8e4c4af38 (ntdll) RtlUserThreadStart

IOException: Sharing violation on path C:\Users\karaa\AppData\LocalLow\Pugstorm\Core Keeper\Player.log
  at System.IO.FileStream..ctor (System.String path, System.IO.FileMode mode, System.IO.FileAccess access, System.IO.FileShare share, System.Int32 bufferSize, System.Boolean anonymous, System.IO.FileOptions options) [0x0019e] in <31687ccd371e4dc6b0c23a1317cf9474>:0 
  at System.IO.FileStream..ctor (System.String path, System.IO.FileMode mode, System.IO.FileAccess access, System.IO.FileShare share, System.Int32 bufferSize) [0x00000] in <31687ccd371e4dc6b0c23a1317cf9474>:0 
  at (wrapper remoting-invoke-with-check) System.IO.FileStream..ctor(string,System.IO.FileMode,System.IO.FileAccess,System.IO.FileShare,int)
  at System.IO.File.ReadAllBytes (System.String path) [0x00000] in <31687ccd371e4dc6b0c23a1317cf9474>:0 
  at ZipSaveFolder.Update () [0x00182] in <ea6210017d594180aff93a5150aec10f>:0 
UnityEngine.DebugLogHandler:Internal_LogException(Exception, Object)
UnityEngine.DebugLogHandler:LogException(Exception, Object)
Sentry.Unity.Integrations.UnityLogHandlerIntegration:LogException(Exception, Object)
UnityEngine.Logger:LogException(Exception, Object)
UnityEngine.Debug:LogException(Exception)
ZipSaveFolder:Update()

Couldn't find backing drive, assumes there is space
Player has privileges for Multiplayer, UGC, PremiumSubscription
Player has ALL privileges
Got quit request
waiting for ModIO shutdown
Exit blocked by ModManager
Quit blocked
Got quit request
Running quit handlers
PlayFabPartyNetworking.UnregisterFromPlayFabEvents
PlayFabPartySessionWrapper.StopSession
PrefsManager.Write: no need to write settings to disk as they are unchanged.
PlayFabPartySessionWrapper.StopSession: Ending platform session.
PlayFabPartySessionWrapper.StopSession: left platform session.
PlayFabPartySessionWrapper.StopSession: Leave lobby.
PlayFabLobbyManager.LeaveLobbyInternal: can't leave a lobby since we don't have a current one at the moment.
PlayFabPartySessionWrapper.StopSession: left lobby.
PlayFabPartySessionWrapper.StopSession: Leaving PlayFabPartyNetwork.
PlayFabPartySessionWrapper.LeaveNetworkAsync: Tried to leave network, but not currently connected to a network.
PlayFabPartySessionWrapper.StopSession: Successfully left PlayFabPartyNetwork.
PlayFabPartySessionWrapper.StopSession: Starting user logout.
PlayFabPartySessionWrapper.StopSession: User logged out.
PlayFabPartySessionWrapper.StopSession: Session stop complete.
CloudSyncUp
Removing cloud file worldinfos/0.worldinfo since it was removed locally
Storing deleted cloud file in cloudconflicts/worldinfos/0.worldinfo
Removing cloud file worlds/0.world.gzip since it was removed locally
Storing deleted cloud file in cloudconflicts/worlds/0.world.gzip
Removing cloud file worldgenparams/0.json since it was removed locally
Storing deleted cloud file in cloudconflicts/worldgenparams/0.json
Removing cloud file worldinfos/1.worldinfo since it was removed locally
Storing deleted cloud file in cloudconflicts/worldinfos/1.worldinfo
Removing cloud file worlds/1.world.gzip since it was removed locally
Storing deleted cloud file in cloudconflicts/worlds/1.world.gzip
Removing cloud file worldgenparams/1.json since it was removed locally
Storing deleted cloud file in cloudconflicts/worldgenparams/1.json
PlatformManager was destroyed
GarbageCollector disposing of ComputeBuffer. Please use ComputeBuffer.Release() or .Dispose() to manually release the buffer.
GarbageCollector disposing of ComputeBuffer. Please use ComputeBuffer.Release() or .Dispose() to manually release the buffer.
Memory Statistics:
[ALLOC_TEMP_TLS] TLS Allocator
  StackAllocators : 
    [ALLOC_TEMP_MAIN]
      Peak usage frame count: [8.0 KB-16.0 KB]: 3109 frames, [16.0 KB-32.0 KB]: 233 frames, [32.0 KB-64.0 KB]: 1151 frames, [64.0 KB-128.0 KB]: 1 frames, [256.0 KB-0.5 MB]: 2 frames, [0.5 MB-1.0 MB]: 8 frames, [1.0 MB-2.0 MB]: 9 frames, [2.0 MB-4.0 MB]: 3 frames, [4.0 MB-8.0 MB]: 3 frames
      Initial Block Size 4.0 MB
      Current Block Size 8.0 MB
      Peak Allocated Bytes 7.5 MB
      Overflow Count 23050
    [ALLOC_TEMP_Loading.AsyncRead]
      Initial Block Size 64.0 KB
      Current Block Size 108.0 KB
      Peak Allocated Bytes 105.3 KB
      Overflow Count 0
    [ALLOC_TEMP_Loading.PreloadManager]
      Initial Block Size 256.0 KB
      Current Block Size 504.0 KB
      Peak Allocated Bytes 500.7 KB
      Overflow Count 49
    [ALLOC_TEMP_Background Job.Worker 8]
      Initial Block Size 32.0 KB
      Current Block Size 32.0 KB
      Peak Allocated Bytes 54 B
      Overflow Count 0
    [ALLOC_TEMP_Background Job.Worker 9]
      Initial Block Size 32.0 KB
      Current Block Size 32.0 KB
      Peak Allocated Bytes 54 B
      Overflow Count 0
    [ALLOC_TEMP_Job.Worker 0]
      Initial Block Size 256.0 KB
      Current Block Size 256.0 KB
      Peak Allocated Bytes 23.8 KB
      Overflow Count 0
    [ALLOC_TEMP_Background Job.Worker 10]
      Initial Block Size 32.0 KB
      Current Block Size 32.0 KB
      Peak Allocated Bytes 54 B
      Overflow Count 0
    [ALLOC_TEMP_Background Job.Worker 14]
      Initial Block Size 32.0 KB
      Current Block Size 32.0 KB
      Peak Allocated Bytes 54 B
      Overflow Count 0
    [ALLOC_TEMP_Background Job.Worker 6]
      Initial Block Size 32.0 KB
      Current Block Size 32.0 KB
      Peak Allocated Bytes 54 B
      Overflow Count 0
    [ALLOC_TEMP_Job.Worker 3]
      Initial Block Size 256.0 KB
      Current Block Size 256.0 KB
      Peak Allocated Bytes 23.8 KB
      Overflow Count 0
    [ALLOC_TEMP_Background Job.Worker 12]
      Initial Block Size 32.0 KB
      Current Block Size 32.0 KB
      Peak Allocated Bytes 54 B
      Overflow Count 0
    [ALLOC_TEMP_EnlightenWorker] x 3
      Initial Block Size 64.0 KB
      Current Block Size 64.0 KB
      Peak Allocated Bytes 54 B
      Overflow Count 0
    [ALLOC_TEMP_Background Job.Worker 15]
      Initial Block Size 32.0 KB
      Current Block Size 32.0 KB
      Peak Allocated Bytes 54 B
      Overflow Count 0
    [ALLOC_TEMP_Background Job.Worker 1]
      Initial Block Size 32.0 KB
      Current Block Size 32.0 KB
      Peak Allocated Bytes 2.7 KB
      Overflow Count 0
    [ALLOC_TEMP_Background Job.Worker 2]
      Initial Block Size 32.0 KB
      Current Block Size 32.0 KB
      Peak Allocated Bytes 3.6 KB
      Overflow Count 0
    [ALLOC_TEMP_Background Job.Worker 7]
      Initial Block Size 32.0 KB
      Current Block Size 32.0 KB
      Peak Allocated Bytes 54 B
      Overflow Count 0
    [ALLOC_TEMP_UnityGfxDeviceWorker]
      Initial Block Size 256.0 KB
      Current Block Size 256.0 KB
      Peak Allocated Bytes 15.9 KB
      Overflow Count 0
    [ALLOC_TEMP_AssetGarbageCollectorHelper] x 11
      Initial Block Size 64.0 KB
      Current Block Size 64.0 KB
      Peak Allocated Bytes 138 B
      Overflow Count 0
    [ALLOC_TEMP_Background Job.Worker 5]
      Initial Block Size 32.0 KB
      Current Block Size 32.0 KB
      Peak Allocated Bytes 54 B
      Overflow Count 0
    [ALLOC_TEMP_Background Job.Worker 13]
      Initial Block Size 32.0 KB
      Current Block Size 32.0 KB
      Peak Allocated Bytes 54 B
      Overflow Count 0
    [ALLOC_TEMP_Job.Worker 1]
      Initial Block Size 256.0 KB
      Current Block Size 256.0 KB
      Peak Allocated Bytes 24.1 KB
      Overflow Count 0
    [ALLOC_TEMP_Job.Worker 2]
      Initial Block Size 256.0 KB
      Current Block Size 256.0 KB
      Peak Allocated Bytes 23.8 KB
      Overflow Count 0
    [ALLOC_TEMP_Background Job.Worker 3]
      Initial Block Size 32.0 KB
      Current Block Size 32.0 KB
      Peak Allocated Bytes 54 B
      Overflow Count 0
    [ALLOC_TEMP_Background Job.Worker 11]
      Initial Block Size 32.0 KB
      Current Block Size 32.0 KB
      Peak Allocated Bytes 54 B
      Overflow Count 0
    [ALLOC_TEMP_Background Job.Worker 0]
      Initial Block Size 32.0 KB
      Current Block Size 32.0 KB
      Peak Allocated Bytes 54 B
      Overflow Count 0
    [ALLOC_TEMP_Background Job.Worker 4]
      Initial Block Size 32.0 KB
      Current Block Size 32.0 KB
      Peak Allocated Bytes 54 B
      Overflow Count 0
    [ALLOC_TEMP_BatchDeleteObjects]
      Initial Block Size 64.0 KB
      Current Block Size 64.0 KB
      Peak Allocated Bytes 54 B
      Overflow Count 0
[ALLOC_DEFAULT] Dual Thread Allocator
  Peak main deferred allocation count 466755
    [ALLOC_BUCKET]
      Large Block size 4.0 MB
      Used Block count 1
      Peak Allocated bytes 4.0 MB
      Failed Allocations. Bucket layout:
        16B: 104 Subsections = 106496 buckets. Failed count: 1001053
        32B: 39 Subsections = 19968 buckets. Failed count: 723609
        48B: 27 Subsections = 9216 buckets. Failed count: 429391
        64B: 23 Subsections = 5888 buckets. Failed count: 492571
        80B: 51 Subsections = 10444 buckets. Failed count: 148294
        96B: 6 Subsections = 1024 buckets. Failed count: 58158
        112B: 3 Subsections = 438 buckets. Failed count: 167679
        128B: 3 Subsections = 384 buckets. Failed count: 367433
    [ALLOC_DEFAULT_MAIN]
      Peak usage frame count: [64.0 MB-128.0 MB]: 1 frames, [0.50 GB-1.00 GB]: 4518 frames
      Requested Block Size 16.0 MB
      Peak Block count 49
      Peak Allocated memory 0.93 GB
      Peak Large allocation bytes 288.1 MB
    [ALLOC_DEFAULT_THREAD]
      Peak usage frame count: [256.0 MB-0.50 GB]: 117 frames, [0.50 GB-1.00 GB]: 4402 frames
      Requested Block Size 16.0 MB
      Peak Block count 25
      Peak Allocated memory 0.66 GB
      Peak Large allocation bytes 289.3 MB
[ALLOC_TEMP_JOB_1_FRAME]
  Initial Block Size 2.0 MB
  Used Block Count 0
  Overflow Count (too large) 0
  Overflow Count (full) 0
[ALLOC_TEMP_JOB_2_FRAMES]
  Initial Block Size 2.0 MB
  Used Block Count 0
  Overflow Count (too large) 0
  Overflow Count (full) 0
[ALLOC_TEMP_JOB_4_FRAMES (JobTemp)]
  Initial Block Size 2.0 MB
  Used Block Count 1
  Overflow Count (too large) 0
  Overflow Count (full) 0
[ALLOC_TEMP_JOB_ASYNC (Background)]
  Initial Block Size 1.0 MB
  Used Block Count 1
  Overflow Count (too large) 0
  Overflow Count (full) 0
[ALLOC_GFX] Dual Thread Allocator
  Peak main deferred allocation count 4
    [ALLOC_BUCKET]
      Large Block size 4.0 MB
      Used Block count 1
      Peak Allocated bytes 4.0 MB
      Failed Allocations. Bucket layout:
        16B: 104 Subsections = 106496 buckets. Failed count: 1001053
        32B: 39 Subsections = 19968 buckets. Failed count: 723609
        48B: 27 Subsections = 9216 buckets. Failed count: 429391
        64B: 23 Subsections = 5888 buckets. Failed count: 492571
        80B: 51 Subsections = 10444 buckets. Failed count: 148294
        96B: 6 Subsections = 1024 buckets. Failed count: 58158
        112B: 3 Subsections = 438 buckets. Failed count: 167679
        128B: 3 Subsections = 384 buckets. Failed count: 367433
    [ALLOC_GFX_MAIN]
      Peak usage frame count: [1.0 MB-2.0 MB]: 1 frames, [8.0 MB-16.0 MB]: 4518 frames
      Requested Block Size 16.0 MB
      Peak Block count 1
      Peak Allocated memory 12.3 MB
      Peak Large allocation bytes 0 B
    [ALLOC_GFX_THREAD]
      Peak usage frame count: [8.0 KB-16.0 KB]: 2 frames, [0.5 MB-1.0 MB]: 12 frames, [1.0 MB-2.0 MB]: 4505 frames
      Requested Block Size 16.0 MB
      Peak Block count 1
      Peak Allocated memory 2.0 MB
      Peak Large allocation bytes 0 B
[ALLOC_CACHEOBJECTS] Dual Thread Allocator
  Peak main deferred allocation count 49624
    [ALLOC_BUCKET]
      Large Block size 4.0 MB
      Used Block count 1
      Peak Allocated bytes 4.0 MB
      Failed Allocations. Bucket layout:
        16B: 104 Subsections = 106496 buckets. Failed count: 1001053
        32B: 39 Subsections = 19968 buckets. Failed count: 723609
        48B: 27 Subsections = 9216 buckets. Failed count: 429391
        64B: 23 Subsections = 5888 buckets. Failed count: 492571
        80B: 51 Subsections = 10444 buckets. Failed count: 148294
        96B: 6 Subsections = 1024 buckets. Failed count: 58158
        112B: 3 Subsections = 438 buckets. Failed count: 167679
        128B: 3 Subsections = 384 buckets. Failed count: 367433
    [ALLOC_CACHEOBJECTS_MAIN]
      Peak usage frame count: [64.0 MB-128.0 MB]: 1 frames, [128.0 MB-256.0 MB]: 4518 frames
      Requested Block Size 4.0 MB
      Peak Block count 46
      Peak Allocated memory 197.6 MB
      Peak Large allocation bytes 51.0 MB
    [ALLOC_CACHEOBJECTS_THREAD]
      Peak usage frame count: [256.0 KB-0.5 MB]: 9 frames, [2.0 MB-4.0 MB]: 7 frames, [4.0 MB-8.0 MB]: 1 frames, [8.0 MB-16.0 MB]: 4502 frames
      Requested Block Size 4.0 MB
      Peak Block count 2
      Peak Allocated memory 12.3 MB
      Peak Large allocation bytes 6.8 MB
[ALLOC_TYPETREE] Dual Thread Allocator
  Peak main deferred allocation count 2
    [ALLOC_BUCKET]
      Large Block size 4.0 MB
      Used Block count 1
      Peak Allocated bytes 4.0 MB
      Failed Allocations. Bucket layout:
        16B: 104 Subsections = 106496 buckets. Failed count: 1001053
        32B: 39 Subsections = 19968 buckets. Failed count: 723609
        48B: 27 Subsections = 9216 buckets. Failed count: 429391
        64B: 23 Subsections = 5888 buckets. Failed count: 492571
        80B: 51 Subsections = 10444 buckets. Failed count: 148294
        96B: 6 Subsections = 1024 buckets. Failed count: 58158
        112B: 3 Subsections = 438 buckets. Failed count: 167679
        128B: 3 Subsections = 384 buckets. Failed count: 367433
    [ALLOC_TYPETREE_MAIN]
      Peak usage frame count: [16.0 KB-32.0 KB]: 1 frames, [0.5 MB-1.0 MB]: 4518 frames
      Requested Block Size 2.0 MB
      Peak Block count 1
      Peak Allocated memory 0.7 MB
      Peak Large allocation bytes 0 B
    [ALLOC_TYPETREE_THREAD]
      Peak usage frame count: [1.0 KB-2.0 KB]: 9 frames, [256.0 KB-0.5 MB]: 2 frames, [0.5 MB-1.0 MB]: 5 frames, [1.0 MB-2.0 MB]: 4503 frames
      Requested Block Size 2.0 MB
      Peak Block count 1
      Peak Allocated memory 1.1 MB
      Peak Large allocation bytes 0 B
